   1               		.file	"led.c"
   2               	__SP_H__ = 0x3e
   3               	__SP_L__ = 0x3d
   4               	__SREG__ = 0x3f
   5               	__RAMPZ__ = 0x3b
   6               	__tmp_reg__ = 0
   7               	__zero_reg__ = 1
   8               		.text
   9               	.Ltext0:
  10               		.cfi_sections	.debug_frame
  11               		.section	.text.led_set,"ax",@progbits
  12               	.global	led_set
  14               	led_set:
  15               	.LFB0:
  16               		.file 1 "led.c"
   1:led.c         **** #include <avr/io.h>
   2:led.c         **** #include "stdint.h"
   3:led.c         **** #include "led.h"
   4:led.c         **** 
   5:led.c         **** void led_set(uint8_t usb_led) {
  17               		.loc 1 5 0
  18               		.cfi_startproc
  19               	.LVL0:
  20               	/* prologue: function */
  21               	/* frame size = 0 */
  22               	/* stack size = 0 */
  23               	.L__stack_usage = 0
  24 0000 0895      		ret
  25               		.cfi_endproc
  26               	.LFE0:
  28               		.text
  29               	.Letext0:
  30               		.file 2 "/usr/lib/avr/include/stdint.h"
DEFINED SYMBOLS
                            *ABS*:0000000000000000 led.c
     /tmp/ccbDiosW.s:2      *ABS*:000000000000003e __SP_H__
     /tmp/ccbDiosW.s:3      *ABS*:000000000000003d __SP_L__
     /tmp/ccbDiosW.s:4      *ABS*:000000000000003f __SREG__
     /tmp/ccbDiosW.s:5      *ABS*:000000000000003b __RAMPZ__
     /tmp/ccbDiosW.s:6      *ABS*:0000000000000000 __tmp_reg__
     /tmp/ccbDiosW.s:7      *ABS*:0000000000000001 __zero_reg__
     /tmp/ccbDiosW.s:14     .text.led_set:0000000000000000 led_set

NO UNDEFINED SYMBOLS
