   1               		.file	"action_layer.c"
   2               	__SP_H__ = 0x3e
   3               	__SP_L__ = 0x3d
   4               	__SREG__ = 0x3f
   5               	__RAMPZ__ = 0x3b
   6               	__tmp_reg__ = 0
   7               	__zero_reg__ = 1
   8               		.text
   9               	.Ltext0:
  10               		.cfi_sections	.debug_frame
  11               		.section	.text.default_layer_state_set,"ax",@progbits
  13               	default_layer_state_set:
  14               	.LFB4:
  15               		.file 1 "../tmk_core/common/action_layer.c"
   1:../tmk_core/common/action_layer.c **** #include <stdint.h>
   2:../tmk_core/common/action_layer.c **** #include "keyboard.h"
   3:../tmk_core/common/action_layer.c **** #include "action.h"
   4:../tmk_core/common/action_layer.c **** #include "util.h"
   5:../tmk_core/common/action_layer.c **** #include "action_layer.h"
   6:../tmk_core/common/action_layer.c **** #include "hook.h"
   7:../tmk_core/common/action_layer.c **** 
   8:../tmk_core/common/action_layer.c **** #ifdef DEBUG_ACTION
   9:../tmk_core/common/action_layer.c **** #include "debug.h"
  10:../tmk_core/common/action_layer.c **** #else
  11:../tmk_core/common/action_layer.c **** #include "nodebug.h"
  12:../tmk_core/common/action_layer.c **** #endif
  13:../tmk_core/common/action_layer.c **** 
  14:../tmk_core/common/action_layer.c **** 
  15:../tmk_core/common/action_layer.c **** /* 
  16:../tmk_core/common/action_layer.c ****  * Default Layer State
  17:../tmk_core/common/action_layer.c ****  */
  18:../tmk_core/common/action_layer.c **** uint32_t default_layer_state = 0;
  19:../tmk_core/common/action_layer.c **** 
  20:../tmk_core/common/action_layer.c **** static void default_layer_state_set(uint32_t state)
  21:../tmk_core/common/action_layer.c **** {
  16               		.loc 1 21 0
  17               		.cfi_startproc
  18               	.LVL0:
  19               	/* prologue: function */
  20               	/* frame size = 0 */
  21               	/* stack size = 0 */
  22               	.L__stack_usage = 0
  22:../tmk_core/common/action_layer.c ****     debug("default_layer_state: ");
  23:../tmk_core/common/action_layer.c ****     default_layer_debug(); debug(" to ");
  24:../tmk_core/common/action_layer.c ****     default_layer_state = state;
  23               		.loc 1 24 0
  24 0000 6093 0000 		sts default_layer_state,r22
  25 0004 7093 0000 		sts default_layer_state+1,r23
  26 0008 8093 0000 		sts default_layer_state+2,r24
  27 000c 9093 0000 		sts default_layer_state+3,r25
  25:../tmk_core/common/action_layer.c ****     hook_default_layer_change(default_layer_state);
  28               		.loc 1 25 0
  29 0010 0E94 0000 		call hook_default_layer_change
  30               	.LVL1:
  26:../tmk_core/common/action_layer.c ****     default_layer_debug(); debug("\n");
  27:../tmk_core/common/action_layer.c ****     clear_keyboard_but_mods(); // To avoid stuck keys
  31               		.loc 1 27 0
  32 0014 0C94 0000 		jmp clear_keyboard_but_mods
  33               	.LVL2:
  34               		.cfi_endproc
  35               	.LFE4:
  37               		.section	.text.layer_state_set,"ax",@progbits
  39               	layer_state_set:
  40               	.LFB10:
  28:../tmk_core/common/action_layer.c **** }
  29:../tmk_core/common/action_layer.c **** 
  30:../tmk_core/common/action_layer.c **** void default_layer_debug(void)
  31:../tmk_core/common/action_layer.c **** {
  32:../tmk_core/common/action_layer.c ****     dprintf("%08lX(%u)", default_layer_state, biton32(default_layer_state));
  33:../tmk_core/common/action_layer.c **** }
  34:../tmk_core/common/action_layer.c **** 
  35:../tmk_core/common/action_layer.c **** void default_layer_set(uint32_t state)
  36:../tmk_core/common/action_layer.c **** {
  37:../tmk_core/common/action_layer.c ****     default_layer_state_set(state);
  38:../tmk_core/common/action_layer.c **** }
  39:../tmk_core/common/action_layer.c **** 
  40:../tmk_core/common/action_layer.c **** #ifndef NO_ACTION_LAYER
  41:../tmk_core/common/action_layer.c **** void default_layer_or(uint32_t state)
  42:../tmk_core/common/action_layer.c **** {
  43:../tmk_core/common/action_layer.c ****     default_layer_state_set(default_layer_state | state);
  44:../tmk_core/common/action_layer.c **** }
  45:../tmk_core/common/action_layer.c **** void default_layer_and(uint32_t state)
  46:../tmk_core/common/action_layer.c **** {
  47:../tmk_core/common/action_layer.c ****     default_layer_state_set(default_layer_state & state);
  48:../tmk_core/common/action_layer.c **** }
  49:../tmk_core/common/action_layer.c **** void default_layer_xor(uint32_t state)
  50:../tmk_core/common/action_layer.c **** {
  51:../tmk_core/common/action_layer.c ****     default_layer_state_set(default_layer_state ^ state);
  52:../tmk_core/common/action_layer.c **** }
  53:../tmk_core/common/action_layer.c **** #endif
  54:../tmk_core/common/action_layer.c **** 
  55:../tmk_core/common/action_layer.c **** 
  56:../tmk_core/common/action_layer.c **** #ifndef NO_ACTION_LAYER
  57:../tmk_core/common/action_layer.c **** /* 
  58:../tmk_core/common/action_layer.c ****  * Keymap Layer State
  59:../tmk_core/common/action_layer.c ****  */
  60:../tmk_core/common/action_layer.c **** uint32_t layer_state = 0;
  61:../tmk_core/common/action_layer.c **** 
  62:../tmk_core/common/action_layer.c **** static void layer_state_set(uint32_t state)
  63:../tmk_core/common/action_layer.c **** {
  41               		.loc 1 63 0
  42               		.cfi_startproc
  43               	.LVL3:
  44               	/* prologue: function */
  45               	/* frame size = 0 */
  46               	/* stack size = 0 */
  47               	.L__stack_usage = 0
  64:../tmk_core/common/action_layer.c ****     dprint("layer_state: ");
  65:../tmk_core/common/action_layer.c ****     layer_debug(); dprint(" to ");
  66:../tmk_core/common/action_layer.c ****     layer_state = state;
  48               		.loc 1 66 0
  49 0000 6093 0000 		sts layer_state,r22
  50 0004 7093 0000 		sts layer_state+1,r23
  51 0008 8093 0000 		sts layer_state+2,r24
  52 000c 9093 0000 		sts layer_state+3,r25
  67:../tmk_core/common/action_layer.c ****     hook_layer_change(layer_state);
  53               		.loc 1 67 0
  54 0010 0E94 0000 		call hook_layer_change
  55               	.LVL4:
  68:../tmk_core/common/action_layer.c ****     layer_debug(); dprintln();
  69:../tmk_core/common/action_layer.c ****     clear_keyboard_but_mods(); // To avoid stuck keys
  56               		.loc 1 69 0
  57 0014 0C94 0000 		jmp clear_keyboard_but_mods
  58               	.LVL5:
  59               		.cfi_endproc
  60               	.LFE10:
  62               		.section	.text.default_layer_debug,"ax",@progbits
  63               	.global	default_layer_debug
  65               	default_layer_debug:
  66               	.LFB5:
  31:../tmk_core/common/action_layer.c ****     dprintf("%08lX(%u)", default_layer_state, biton32(default_layer_state));
  67               		.loc 1 31 0
  68               		.cfi_startproc
  69               	/* prologue: function */
  70               	/* frame size = 0 */
  71               	/* stack size = 0 */
  72               	.L__stack_usage = 0
  73 0000 0895      		ret
  74               		.cfi_endproc
  75               	.LFE5:
  77               		.section	.text.default_layer_set,"ax",@progbits
  78               	.global	default_layer_set
  80               	default_layer_set:
  81               	.LFB6:
  36:../tmk_core/common/action_layer.c ****     default_layer_state_set(state);
  82               		.loc 1 36 0
  83               		.cfi_startproc
  84               	.LVL6:
  85               	/* prologue: function */
  86               	/* frame size = 0 */
  87               	/* stack size = 0 */
  88               	.L__stack_usage = 0
  37:../tmk_core/common/action_layer.c **** }
  89               		.loc 1 37 0
  90 0000 0C94 0000 		jmp default_layer_state_set
  91               	.LVL7:
  92               		.cfi_endproc
  93               	.LFE6:
  95               		.section	.text.default_layer_or,"ax",@progbits
  96               	.global	default_layer_or
  98               	default_layer_or:
  99               	.LFB7:
  42:../tmk_core/common/action_layer.c ****     default_layer_state_set(default_layer_state | state);
 100               		.loc 1 42 0
 101               		.cfi_startproc
 102               	.LVL8:
 103 0000 0F93      		push r16
 104               	.LCFI0:
 105               		.cfi_def_cfa_offset 3
 106               		.cfi_offset 16, -2
 107 0002 1F93      		push r17
 108               	.LCFI1:
 109               		.cfi_def_cfa_offset 4
 110               		.cfi_offset 17, -3
 111               	/* prologue: function */
 112               	/* frame size = 0 */
 113               	/* stack size = 2 */
 114               	.L__stack_usage = 2
  43:../tmk_core/common/action_layer.c **** }
 115               		.loc 1 43 0
 116 0004 0091 0000 		lds r16,default_layer_state
 117 0008 1091 0000 		lds r17,default_layer_state+1
 118 000c 2091 0000 		lds r18,default_layer_state+2
 119 0010 3091 0000 		lds r19,default_layer_state+3
 120 0014 602B      		or r22,r16
 121 0016 712B      		or r23,r17
 122 0018 822B      		or r24,r18
 123 001a 932B      		or r25,r19
 124               	.LVL9:
 125               	/* epilogue start */
  44:../tmk_core/common/action_layer.c **** void default_layer_and(uint32_t state)
 126               		.loc 1 44 0
 127 001c 1F91      		pop r17
 128 001e 0F91      		pop r16
  43:../tmk_core/common/action_layer.c **** }
 129               		.loc 1 43 0
 130 0020 0C94 0000 		jmp default_layer_state_set
 131               	.LVL10:
 132               		.cfi_endproc
 133               	.LFE7:
 135               		.section	.text.default_layer_and,"ax",@progbits
 136               	.global	default_layer_and
 138               	default_layer_and:
 139               	.LFB8:
  46:../tmk_core/common/action_layer.c ****     default_layer_state_set(default_layer_state & state);
 140               		.loc 1 46 0
 141               		.cfi_startproc
 142               	.LVL11:
 143 0000 0F93      		push r16
 144               	.LCFI2:
 145               		.cfi_def_cfa_offset 3
 146               		.cfi_offset 16, -2
 147 0002 1F93      		push r17
 148               	.LCFI3:
 149               		.cfi_def_cfa_offset 4
 150               		.cfi_offset 17, -3
 151               	/* prologue: function */
 152               	/* frame size = 0 */
 153               	/* stack size = 2 */
 154               	.L__stack_usage = 2
  47:../tmk_core/common/action_layer.c **** }
 155               		.loc 1 47 0
 156 0004 0091 0000 		lds r16,default_layer_state
 157 0008 1091 0000 		lds r17,default_layer_state+1
 158 000c 2091 0000 		lds r18,default_layer_state+2
 159 0010 3091 0000 		lds r19,default_layer_state+3
 160 0014 6023      		and r22,r16
 161 0016 7123      		and r23,r17
 162 0018 8223      		and r24,r18
 163 001a 9323      		and r25,r19
 164               	.LVL12:
 165               	/* epilogue start */
  48:../tmk_core/common/action_layer.c **** void default_layer_xor(uint32_t state)
 166               		.loc 1 48 0
 167 001c 1F91      		pop r17
 168 001e 0F91      		pop r16
  47:../tmk_core/common/action_layer.c **** }
 169               		.loc 1 47 0
 170 0020 0C94 0000 		jmp default_layer_state_set
 171               	.LVL13:
 172               		.cfi_endproc
 173               	.LFE8:
 175               		.section	.text.default_layer_xor,"ax",@progbits
 176               	.global	default_layer_xor
 178               	default_layer_xor:
 179               	.LFB9:
  50:../tmk_core/common/action_layer.c ****     default_layer_state_set(default_layer_state ^ state);
 180               		.loc 1 50 0
 181               		.cfi_startproc
 182               	.LVL14:
 183 0000 0F93      		push r16
 184               	.LCFI4:
 185               		.cfi_def_cfa_offset 3
 186               		.cfi_offset 16, -2
 187 0002 1F93      		push r17
 188               	.LCFI5:
 189               		.cfi_def_cfa_offset 4
 190               		.cfi_offset 17, -3
 191               	/* prologue: function */
 192               	/* frame size = 0 */
 193               	/* stack size = 2 */
 194               	.L__stack_usage = 2
  51:../tmk_core/common/action_layer.c **** }
 195               		.loc 1 51 0
 196 0004 0091 0000 		lds r16,default_layer_state
 197 0008 1091 0000 		lds r17,default_layer_state+1
 198 000c 2091 0000 		lds r18,default_layer_state+2
 199 0010 3091 0000 		lds r19,default_layer_state+3
 200 0014 6027      		eor r22,r16
 201 0016 7127      		eor r23,r17
 202 0018 8227      		eor r24,r18
 203 001a 9327      		eor r25,r19
 204               	.LVL15:
 205               	/* epilogue start */
  52:../tmk_core/common/action_layer.c **** #endif
 206               		.loc 1 52 0
 207 001c 1F91      		pop r17
 208 001e 0F91      		pop r16
  51:../tmk_core/common/action_layer.c **** }
 209               		.loc 1 51 0
 210 0020 0C94 0000 		jmp default_layer_state_set
 211               	.LVL16:
 212               		.cfi_endproc
 213               	.LFE9:
 215               		.section	.text.layer_clear,"ax",@progbits
 216               	.global	layer_clear
 218               	layer_clear:
 219               	.LFB11:
  70:../tmk_core/common/action_layer.c **** }
  71:../tmk_core/common/action_layer.c **** 
  72:../tmk_core/common/action_layer.c **** void layer_clear(void)
  73:../tmk_core/common/action_layer.c **** {
 220               		.loc 1 73 0
 221               		.cfi_startproc
 222               	/* prologue: function */
 223               	/* frame size = 0 */
 224               	/* stack size = 0 */
 225               	.L__stack_usage = 0
  74:../tmk_core/common/action_layer.c ****     layer_state_set(0);
 226               		.loc 1 74 0
 227 0000 60E0      		ldi r22,0
 228 0002 70E0      		ldi r23,0
 229 0004 CB01      		movw r24,r22
 230 0006 0C94 0000 		jmp layer_state_set
 231               	.LVL17:
 232               		.cfi_endproc
 233               	.LFE11:
 235               		.section	.text.layer_move,"ax",@progbits
 236               	.global	layer_move
 238               	layer_move:
 239               	.LFB12:
  75:../tmk_core/common/action_layer.c **** }
  76:../tmk_core/common/action_layer.c **** 
  77:../tmk_core/common/action_layer.c **** void layer_move(uint8_t layer)
  78:../tmk_core/common/action_layer.c **** {
 240               		.loc 1 78 0
 241               		.cfi_startproc
 242               	.LVL18:
 243 0000 0F93      		push r16
 244               	.LCFI6:
 245               		.cfi_def_cfa_offset 3
 246               		.cfi_offset 16, -2
 247 0002 1F93      		push r17
 248               	.LCFI7:
 249               		.cfi_def_cfa_offset 4
 250               		.cfi_offset 17, -3
 251               	/* prologue: function */
 252               	/* frame size = 0 */
 253               	/* stack size = 2 */
 254               	.L__stack_usage = 2
  79:../tmk_core/common/action_layer.c ****     layer_state_set(1UL<<layer);
 255               		.loc 1 79 0
 256 0004 41E0      		ldi r20,lo8(1)
 257 0006 50E0      		ldi r21,0
 258 0008 60E0      		ldi r22,0
 259 000a 70E0      		ldi r23,0
 260 000c 8A01      		movw r16,r20
 261 000e 9B01      		movw r18,r22
 262 0010 00C0      		rjmp 2f
 263               		1:
 264 0012 000F      		lsl r16
 265 0014 111F      		rol r17
 266 0016 221F      		rol r18
 267 0018 331F      		rol r19
 268               		2:
 269 001a 8A95      		dec r24
 270 001c 02F4      		brpl 1b
 271 001e C901      		movw r24,r18
 272 0020 B801      		movw r22,r16
 273               	/* epilogue start */
  80:../tmk_core/common/action_layer.c **** }
 274               		.loc 1 80 0
 275 0022 1F91      		pop r17
 276 0024 0F91      		pop r16
  79:../tmk_core/common/action_layer.c ****     layer_state_set(1UL<<layer);
 277               		.loc 1 79 0
 278 0026 0C94 0000 		jmp layer_state_set
 279               	.LVL19:
 280               		.cfi_endproc
 281               	.LFE12:
 283               		.section	.text.layer_on,"ax",@progbits
 284               	.global	layer_on
 286               	layer_on:
 287               	.LFB13:
  81:../tmk_core/common/action_layer.c **** 
  82:../tmk_core/common/action_layer.c **** void layer_on(uint8_t layer)
  83:../tmk_core/common/action_layer.c **** {
 288               		.loc 1 83 0
 289               		.cfi_startproc
 290               	.LVL20:
 291 0000 0F93      		push r16
 292               	.LCFI8:
 293               		.cfi_def_cfa_offset 3
 294               		.cfi_offset 16, -2
 295 0002 1F93      		push r17
 296               	.LCFI9:
 297               		.cfi_def_cfa_offset 4
 298               		.cfi_offset 17, -3
 299               	/* prologue: function */
 300               	/* frame size = 0 */
 301               	/* stack size = 2 */
 302               	.L__stack_usage = 2
  84:../tmk_core/common/action_layer.c ****     layer_state_set(layer_state | (1UL<<layer));
 303               		.loc 1 84 0
 304 0004 41E0      		ldi r20,lo8(1)
 305 0006 50E0      		ldi r21,0
 306 0008 60E0      		ldi r22,0
 307 000a 70E0      		ldi r23,0
 308 000c 00C0      		rjmp 2f
 309               		1:
 310 000e 440F      		lsl r20
 311 0010 551F      		rol r21
 312 0012 661F      		rol r22
 313 0014 771F      		rol r23
 314               		2:
 315 0016 8A95      		dec r24
 316 0018 02F4      		brpl 1b
 317 001a 8091 0000 		lds r24,layer_state
 318 001e 9091 0000 		lds r25,layer_state+1
 319 0022 A091 0000 		lds r26,layer_state+2
 320 0026 B091 0000 		lds r27,layer_state+3
 321               	.LVL21:
 322 002a 8A01      		movw r16,r20
 323 002c 9B01      		movw r18,r22
 324 002e 082B      		or r16,r24
 325 0030 192B      		or r17,r25
 326 0032 2A2B      		or r18,r26
 327 0034 3B2B      		or r19,r27
 328 0036 C901      		movw r24,r18
 329 0038 B801      		movw r22,r16
 330               	/* epilogue start */
  85:../tmk_core/common/action_layer.c **** }
 331               		.loc 1 85 0
 332 003a 1F91      		pop r17
 333 003c 0F91      		pop r16
  84:../tmk_core/common/action_layer.c ****     layer_state_set(layer_state | (1UL<<layer));
 334               		.loc 1 84 0
 335 003e 0C94 0000 		jmp layer_state_set
 336               	.LVL22:
 337               		.cfi_endproc
 338               	.LFE13:
 340               		.section	.text.layer_off,"ax",@progbits
 341               	.global	layer_off
 343               	layer_off:
 344               	.LFB14:
  86:../tmk_core/common/action_layer.c **** 
  87:../tmk_core/common/action_layer.c **** void layer_off(uint8_t layer)
  88:../tmk_core/common/action_layer.c **** {
 345               		.loc 1 88 0
 346               		.cfi_startproc
 347               	.LVL23:
 348 0000 0F93      		push r16
 349               	.LCFI10:
 350               		.cfi_def_cfa_offset 3
 351               		.cfi_offset 16, -2
 352 0002 1F93      		push r17
 353               	.LCFI11:
 354               		.cfi_def_cfa_offset 4
 355               		.cfi_offset 17, -3
 356               	/* prologue: function */
 357               	/* frame size = 0 */
 358               	/* stack size = 2 */
 359               	.L__stack_usage = 2
  89:../tmk_core/common/action_layer.c ****     layer_state_set(layer_state & ~(1UL<<layer));
 360               		.loc 1 89 0
 361 0004 41E0      		ldi r20,lo8(1)
 362 0006 50E0      		ldi r21,0
 363 0008 60E0      		ldi r22,0
 364 000a 70E0      		ldi r23,0
 365 000c 00C0      		rjmp 2f
 366               		1:
 367 000e 440F      		lsl r20
 368 0010 551F      		rol r21
 369 0012 661F      		rol r22
 370 0014 771F      		rol r23
 371               		2:
 372 0016 8A95      		dec r24
 373 0018 02F4      		brpl 1b
 374 001a 4095      		com r20
 375 001c 5095      		com r21
 376 001e 6095      		com r22
 377 0020 7095      		com r23
 378 0022 8091 0000 		lds r24,layer_state
 379 0026 9091 0000 		lds r25,layer_state+1
 380 002a A091 0000 		lds r26,layer_state+2
 381 002e B091 0000 		lds r27,layer_state+3
 382               	.LVL24:
 383 0032 8A01      		movw r16,r20
 384 0034 9B01      		movw r18,r22
 385 0036 0823      		and r16,r24
 386 0038 1923      		and r17,r25
 387 003a 2A23      		and r18,r26
 388 003c 3B23      		and r19,r27
 389 003e C901      		movw r24,r18
 390 0040 B801      		movw r22,r16
 391               	/* epilogue start */
  90:../tmk_core/common/action_layer.c **** }
 392               		.loc 1 90 0
 393 0042 1F91      		pop r17
 394 0044 0F91      		pop r16
  89:../tmk_core/common/action_layer.c ****     layer_state_set(layer_state & ~(1UL<<layer));
 395               		.loc 1 89 0
 396 0046 0C94 0000 		jmp layer_state_set
 397               	.LVL25:
 398               		.cfi_endproc
 399               	.LFE14:
 401               		.section	.text.layer_invert,"ax",@progbits
 402               	.global	layer_invert
 404               	layer_invert:
 405               	.LFB15:
  91:../tmk_core/common/action_layer.c **** 
  92:../tmk_core/common/action_layer.c **** void layer_invert(uint8_t layer)
  93:../tmk_core/common/action_layer.c **** {
 406               		.loc 1 93 0
 407               		.cfi_startproc
 408               	.LVL26:
 409 0000 0F93      		push r16
 410               	.LCFI12:
 411               		.cfi_def_cfa_offset 3
 412               		.cfi_offset 16, -2
 413 0002 1F93      		push r17
 414               	.LCFI13:
 415               		.cfi_def_cfa_offset 4
 416               		.cfi_offset 17, -3
 417               	/* prologue: function */
 418               	/* frame size = 0 */
 419               	/* stack size = 2 */
 420               	.L__stack_usage = 2
  94:../tmk_core/common/action_layer.c ****     layer_state_set(layer_state ^ (1UL<<layer));
 421               		.loc 1 94 0
 422 0004 41E0      		ldi r20,lo8(1)
 423 0006 50E0      		ldi r21,0
 424 0008 60E0      		ldi r22,0
 425 000a 70E0      		ldi r23,0
 426 000c 00C0      		rjmp 2f
 427               		1:
 428 000e 440F      		lsl r20
 429 0010 551F      		rol r21
 430 0012 661F      		rol r22
 431 0014 771F      		rol r23
 432               		2:
 433 0016 8A95      		dec r24
 434 0018 02F4      		brpl 1b
 435 001a 8091 0000 		lds r24,layer_state
 436 001e 9091 0000 		lds r25,layer_state+1
 437 0022 A091 0000 		lds r26,layer_state+2
 438 0026 B091 0000 		lds r27,layer_state+3
 439               	.LVL27:
 440 002a 8A01      		movw r16,r20
 441 002c 9B01      		movw r18,r22
 442 002e 0827      		eor r16,r24
 443 0030 1927      		eor r17,r25
 444 0032 2A27      		eor r18,r26
 445 0034 3B27      		eor r19,r27
 446 0036 C901      		movw r24,r18
 447 0038 B801      		movw r22,r16
 448               	/* epilogue start */
  95:../tmk_core/common/action_layer.c **** }
 449               		.loc 1 95 0
 450 003a 1F91      		pop r17
 451 003c 0F91      		pop r16
  94:../tmk_core/common/action_layer.c ****     layer_state_set(layer_state ^ (1UL<<layer));
 452               		.loc 1 94 0
 453 003e 0C94 0000 		jmp layer_state_set
 454               	.LVL28:
 455               		.cfi_endproc
 456               	.LFE15:
 458               		.section	.text.layer_or,"ax",@progbits
 459               	.global	layer_or
 461               	layer_or:
 462               	.LFB16:
  96:../tmk_core/common/action_layer.c **** 
  97:../tmk_core/common/action_layer.c **** void layer_or(uint32_t state)
  98:../tmk_core/common/action_layer.c **** {
 463               		.loc 1 98 0
 464               		.cfi_startproc
 465               	.LVL29:
 466 0000 0F93      		push r16
 467               	.LCFI14:
 468               		.cfi_def_cfa_offset 3
 469               		.cfi_offset 16, -2
 470 0002 1F93      		push r17
 471               	.LCFI15:
 472               		.cfi_def_cfa_offset 4
 473               		.cfi_offset 17, -3
 474               	/* prologue: function */
 475               	/* frame size = 0 */
 476               	/* stack size = 2 */
 477               	.L__stack_usage = 2
  99:../tmk_core/common/action_layer.c ****     layer_state_set(layer_state | state);
 478               		.loc 1 99 0
 479 0004 0091 0000 		lds r16,layer_state
 480 0008 1091 0000 		lds r17,layer_state+1
 481 000c 2091 0000 		lds r18,layer_state+2
 482 0010 3091 0000 		lds r19,layer_state+3
 483 0014 602B      		or r22,r16
 484 0016 712B      		or r23,r17
 485 0018 822B      		or r24,r18
 486 001a 932B      		or r25,r19
 487               	.LVL30:
 488               	/* epilogue start */
 100:../tmk_core/common/action_layer.c **** }
 489               		.loc 1 100 0
 490 001c 1F91      		pop r17
 491 001e 0F91      		pop r16
  99:../tmk_core/common/action_layer.c ****     layer_state_set(layer_state | state);
 492               		.loc 1 99 0
 493 0020 0C94 0000 		jmp layer_state_set
 494               	.LVL31:
 495               		.cfi_endproc
 496               	.LFE16:
 498               		.section	.text.layer_and,"ax",@progbits
 499               	.global	layer_and
 501               	layer_and:
 502               	.LFB17:
 101:../tmk_core/common/action_layer.c **** void layer_and(uint32_t state)
 102:../tmk_core/common/action_layer.c **** {
 503               		.loc 1 102 0
 504               		.cfi_startproc
 505               	.LVL32:
 506 0000 0F93      		push r16
 507               	.LCFI16:
 508               		.cfi_def_cfa_offset 3
 509               		.cfi_offset 16, -2
 510 0002 1F93      		push r17
 511               	.LCFI17:
 512               		.cfi_def_cfa_offset 4
 513               		.cfi_offset 17, -3
 514               	/* prologue: function */
 515               	/* frame size = 0 */
 516               	/* stack size = 2 */
 517               	.L__stack_usage = 2
 103:../tmk_core/common/action_layer.c ****     layer_state_set(layer_state & state);
 518               		.loc 1 103 0
 519 0004 0091 0000 		lds r16,layer_state
 520 0008 1091 0000 		lds r17,layer_state+1
 521 000c 2091 0000 		lds r18,layer_state+2
 522 0010 3091 0000 		lds r19,layer_state+3
 523 0014 6023      		and r22,r16
 524 0016 7123      		and r23,r17
 525 0018 8223      		and r24,r18
 526 001a 9323      		and r25,r19
 527               	.LVL33:
 528               	/* epilogue start */
 104:../tmk_core/common/action_layer.c **** }
 529               		.loc 1 104 0
 530 001c 1F91      		pop r17
 531 001e 0F91      		pop r16
 103:../tmk_core/common/action_layer.c ****     layer_state_set(layer_state & state);
 532               		.loc 1 103 0
 533 0020 0C94 0000 		jmp layer_state_set
 534               	.LVL34:
 535               		.cfi_endproc
 536               	.LFE17:
 538               		.section	.text.layer_xor,"ax",@progbits
 539               	.global	layer_xor
 541               	layer_xor:
 542               	.LFB18:
 105:../tmk_core/common/action_layer.c **** void layer_xor(uint32_t state)
 106:../tmk_core/common/action_layer.c **** {
 543               		.loc 1 106 0
 544               		.cfi_startproc
 545               	.LVL35:
 546 0000 0F93      		push r16
 547               	.LCFI18:
 548               		.cfi_def_cfa_offset 3
 549               		.cfi_offset 16, -2
 550 0002 1F93      		push r17
 551               	.LCFI19:
 552               		.cfi_def_cfa_offset 4
 553               		.cfi_offset 17, -3
 554               	/* prologue: function */
 555               	/* frame size = 0 */
 556               	/* stack size = 2 */
 557               	.L__stack_usage = 2
 107:../tmk_core/common/action_layer.c ****     layer_state_set(layer_state ^ state);
 558               		.loc 1 107 0
 559 0004 0091 0000 		lds r16,layer_state
 560 0008 1091 0000 		lds r17,layer_state+1
 561 000c 2091 0000 		lds r18,layer_state+2
 562 0010 3091 0000 		lds r19,layer_state+3
 563 0014 6027      		eor r22,r16
 564 0016 7127      		eor r23,r17
 565 0018 8227      		eor r24,r18
 566 001a 9327      		eor r25,r19
 567               	.LVL36:
 568               	/* epilogue start */
 108:../tmk_core/common/action_layer.c **** }
 569               		.loc 1 108 0
 570 001c 1F91      		pop r17
 571 001e 0F91      		pop r16
 107:../tmk_core/common/action_layer.c ****     layer_state_set(layer_state ^ state);
 572               		.loc 1 107 0
 573 0020 0C94 0000 		jmp layer_state_set
 574               	.LVL37:
 575               		.cfi_endproc
 576               	.LFE18:
 578               		.section	.text.layer_debug,"ax",@progbits
 579               	.global	layer_debug
 581               	layer_debug:
 582               	.LFB19:
 109:../tmk_core/common/action_layer.c **** 
 110:../tmk_core/common/action_layer.c **** void layer_debug(void)
 111:../tmk_core/common/action_layer.c **** {
 583               		.loc 1 111 0
 584               		.cfi_startproc
 585               	/* prologue: function */
 586               	/* frame size = 0 */
 587               	/* stack size = 0 */
 588               	.L__stack_usage = 0
 589 0000 0895      		ret
 590               		.cfi_endproc
 591               	.LFE19:
 593               		.section	.text.layer_switch_get_action,"ax",@progbits
 594               	.global	layer_switch_get_action
 596               	layer_switch_get_action:
 597               	.LFB20:
 112:../tmk_core/common/action_layer.c ****     dprintf("%08lX(%u)", layer_state, biton32(layer_state));
 113:../tmk_core/common/action_layer.c **** }
 114:../tmk_core/common/action_layer.c **** #endif
 115:../tmk_core/common/action_layer.c **** 
 116:../tmk_core/common/action_layer.c **** 
 117:../tmk_core/common/action_layer.c **** 
 118:../tmk_core/common/action_layer.c **** action_t layer_switch_get_action(keypos_t key)
 119:../tmk_core/common/action_layer.c **** {
 598               		.loc 1 119 0
 599               		.cfi_startproc
 600               	.LVL38:
 601               		.loc 1 119 0
 602 0000 CF92      		push r12
 603               	.LCFI20:
 604               		.cfi_def_cfa_offset 3
 605               		.cfi_offset 12, -2
 606 0002 DF92      		push r13
 607               	.LCFI21:
 608               		.cfi_def_cfa_offset 4
 609               		.cfi_offset 13, -3
 610 0004 EF92      		push r14
 611               	.LCFI22:
 612               		.cfi_def_cfa_offset 5
 613               		.cfi_offset 14, -4
 614 0006 FF92      		push r15
 615               	.LCFI23:
 616               		.cfi_def_cfa_offset 6
 617               		.cfi_offset 15, -5
 618 0008 0F93      		push r16
 619               	.LCFI24:
 620               		.cfi_def_cfa_offset 7
 621               		.cfi_offset 16, -6
 622 000a 1F93      		push r17
 623               	.LCFI25:
 624               		.cfi_def_cfa_offset 8
 625               		.cfi_offset 17, -7
 626 000c CF93      		push r28
 627               	.LCFI26:
 628               		.cfi_def_cfa_offset 9
 629               		.cfi_offset 28, -8
 630 000e DF93      		push r29
 631               	.LCFI27:
 632               		.cfi_def_cfa_offset 10
 633               		.cfi_offset 29, -9
 634               	/* prologue: function */
 635               	/* frame size = 0 */
 636               	/* stack size = 8 */
 637               	.L__stack_usage = 8
 638 0010 8C01      		movw r16,r24
 639               	.LVL39:
 120:../tmk_core/common/action_layer.c ****     action_t action = { .code = ACTION_TRANSPARENT };
 121:../tmk_core/common/action_layer.c **** 
 122:../tmk_core/common/action_layer.c **** #ifndef NO_ACTION_LAYER
 123:../tmk_core/common/action_layer.c ****     uint32_t layers = layer_state | default_layer_state;
 640               		.loc 1 123 0
 641 0012 C090 0000 		lds r12,default_layer_state
 642 0016 D090 0000 		lds r13,default_layer_state+1
 643 001a E090 0000 		lds r14,default_layer_state+2
 644 001e F090 0000 		lds r15,default_layer_state+3
 645 0022 4091 0000 		lds r20,layer_state
 646 0026 5091 0000 		lds r21,layer_state+1
 647 002a 6091 0000 		lds r22,layer_state+2
 648 002e 7091 0000 		lds r23,layer_state+3
 649 0032 C42A      		or r12,r20
 650 0034 D52A      		or r13,r21
 651 0036 E62A      		or r14,r22
 652 0038 F72A      		or r15,r23
 653               	.LVL40:
 654 003a CFE1      		ldi r28,lo8(31)
 655 003c D0E0      		ldi r29,0
 656               	.LVL41:
 657               	.L20:
 658               	.LBB2:
 124:../tmk_core/common/action_layer.c ****     /* check top layer first */
 125:../tmk_core/common/action_layer.c ****     for (int8_t i = 31; i >= 0; i--) {
 126:../tmk_core/common/action_layer.c ****         if (layers & (1UL<<i)) {
 659               		.loc 1 126 0
 660 003e D701      		movw r26,r14
 661 0040 C601      		movw r24,r12
 662               	.LVL42:
 663 0042 0C2E      		mov r0,r28
 664 0044 00C0      		rjmp 2f
 665               		1:
 666 0046 B695      		lsr r27
 667 0048 A795      		ror r26
 668 004a 9795      		ror r25
 669 004c 8795      		ror r24
 670               		2:
 671 004e 0A94      		dec r0
 672 0050 02F4      		brpl 1b
 673 0052 80FF      		sbrs r24,0
 674 0054 00C0      		rjmp .L18
 127:../tmk_core/common/action_layer.c ****             action = action_for_key(i, key);
 675               		.loc 1 127 0
 676 0056 B801      		movw r22,r16
 677 0058 8C2F      		mov r24,r28
 678 005a 0E94 0000 		call action_for_key
 679               	.LVL43:
 128:../tmk_core/common/action_layer.c ****             if (action.code != ACTION_TRANSPARENT) {
 680               		.loc 1 128 0
 681 005e 8130      		cpi r24,1
 682 0060 9105      		cpc r25,__zero_reg__
 683 0062 01F4      		brne .L19
 684               	.LVL44:
 685               	.L18:
 686               	.LVL45:
 687 0064 2197      		sbiw r28,1
 688 0066 00F4      		brcc .L20
 689               	.LBE2:
 129:../tmk_core/common/action_layer.c ****                 return action;
 130:../tmk_core/common/action_layer.c ****             }
 131:../tmk_core/common/action_layer.c ****         }
 132:../tmk_core/common/action_layer.c ****     }
 133:../tmk_core/common/action_layer.c ****     /* fall back to layer 0 */
 134:../tmk_core/common/action_layer.c ****     action = action_for_key(0, key);
 690               		.loc 1 134 0
 691 0068 B801      		movw r22,r16
 692 006a 80E0      		ldi r24,0
 693 006c 0E94 0000 		call action_for_key
 694               	.LVL46:
 695               	.L19:
 696               	.LVL47:
 697               	/* epilogue start */
 135:../tmk_core/common/action_layer.c ****     return action;
 136:../tmk_core/common/action_layer.c **** #else
 137:../tmk_core/common/action_layer.c ****     action = action_for_key(biton32(default_layer_state), key);
 138:../tmk_core/common/action_layer.c ****     return action;
 139:../tmk_core/common/action_layer.c **** #endif
 140:../tmk_core/common/action_layer.c **** }
 698               		.loc 1 140 0
 699 0070 DF91      		pop r29
 700 0072 CF91      		pop r28
 701 0074 1F91      		pop r17
 702 0076 0F91      		pop r16
 703               	.LVL48:
 704 0078 FF90      		pop r15
 705 007a EF90      		pop r14
 706 007c DF90      		pop r13
 707 007e CF90      		pop r12
 708               	.LVL49:
 709 0080 0895      		ret
 710               		.cfi_endproc
 711               	.LFE20:
 713               	.global	layer_state
 714               		.section	.bss.layer_state,"aw",@nobits
 717               	layer_state:
 718 0000 0000 0000 		.zero	4
 719               	.global	default_layer_state
 720               		.section	.bss.default_layer_state,"aw",@nobits
 723               	default_layer_state:
 724 0000 0000 0000 		.zero	4
 725               		.text
 726               	.Letext0:
 727               		.file 2 "/usr/lib/avr/include/stdint.h"
 728               		.file 3 "../tmk_core/common/keyboard.h"
 729               		.file 4 "../tmk_core/common/action_code.h"
 730               		.file 5 "../tmk_core/common/hook.h"
 731               		.file 6 "../tmk_core/common/action.h"
DEFINED SYMBOLS
                            *ABS*:0000000000000000 action_layer.c
     /tmp/cckTtBfm.s:2      *ABS*:000000000000003e __SP_H__
     /tmp/cckTtBfm.s:3      *ABS*:000000000000003d __SP_L__
     /tmp/cckTtBfm.s:4      *ABS*:000000000000003f __SREG__
     /tmp/cckTtBfm.s:5      *ABS*:000000000000003b __RAMPZ__
     /tmp/cckTtBfm.s:6      *ABS*:0000000000000000 __tmp_reg__
     /tmp/cckTtBfm.s:7      *ABS*:0000000000000001 __zero_reg__
     /tmp/cckTtBfm.s:13     .text.default_layer_state_set:0000000000000000 default_layer_state_set
     /tmp/cckTtBfm.s:723    .bss.default_layer_state:0000000000000000 default_layer_state
     /tmp/cckTtBfm.s:39     .text.layer_state_set:0000000000000000 layer_state_set
     /tmp/cckTtBfm.s:717    .bss.layer_state:0000000000000000 layer_state
     /tmp/cckTtBfm.s:65     .text.default_layer_debug:0000000000000000 default_layer_debug
     /tmp/cckTtBfm.s:80     .text.default_layer_set:0000000000000000 default_layer_set
     /tmp/cckTtBfm.s:98     .text.default_layer_or:0000000000000000 default_layer_or
     /tmp/cckTtBfm.s:138    .text.default_layer_and:0000000000000000 default_layer_and
     /tmp/cckTtBfm.s:178    .text.default_layer_xor:0000000000000000 default_layer_xor
     /tmp/cckTtBfm.s:218    .text.layer_clear:0000000000000000 layer_clear
     /tmp/cckTtBfm.s:238    .text.layer_move:0000000000000000 layer_move
     /tmp/cckTtBfm.s:286    .text.layer_on:0000000000000000 layer_on
     /tmp/cckTtBfm.s:343    .text.layer_off:0000000000000000 layer_off
     /tmp/cckTtBfm.s:404    .text.layer_invert:0000000000000000 layer_invert
     /tmp/cckTtBfm.s:461    .text.layer_or:0000000000000000 layer_or
     /tmp/cckTtBfm.s:501    .text.layer_and:0000000000000000 layer_and
     /tmp/cckTtBfm.s:541    .text.layer_xor:0000000000000000 layer_xor
     /tmp/cckTtBfm.s:581    .text.layer_debug:0000000000000000 layer_debug
     /tmp/cckTtBfm.s:596    .text.layer_switch_get_action:0000000000000000 layer_switch_get_action

UNDEFINED SYMBOLS
hook_default_layer_change
clear_keyboard_but_mods
hook_layer_change
action_for_key
__do_clear_bss
